15:50:11 INFO     __main__ — Landcover Survey started — mode=1, output=C:\Users\DavidRasner\Documents\GitHub\landcover-survey\data, limit=10
15:50:11 INFO     data_io — Read 1000 rows from example.csv
15:50:11 INFO     pipeline — Limiting to first 10 rows (of 1000)
15:50:11 INFO     pipeline — Loaded 10 rows — processing in 1 chunk(s) of 10000
15:50:11 INFO     pipeline —   Looking up 10 unique EGRIDs
15:50:15 INFO     data_io — Read 10 parcels from resf
15:50:15 INFO     pipeline —   Clipping land cover for 10 parcels
15:50:15 DEBUG    pipeline — Dropped 8 non-polygon/sliver results after clip
15:50:15 DEBUG    pipeline — Dropped 9 non-polygon/sliver results after clip
15:50:15 DEBUG    pipeline — Dropped 6 non-polygon/sliver results after clip
15:50:15 DEBUG    pipeline — Dropped 3 non-polygon/sliver results after clip
15:50:15 DEBUG    pipeline — Dropped 6 non-polygon/sliver results after clip
15:50:15 DEBUG    pipeline — Dropped 10 non-polygon/sliver results after clip
15:50:15 DEBUG    pipeline — Dropped 12 non-polygon/sliver results after clip
15:50:15 DEBUG    pipeline — Dropped 90 non-polygon/sliver results after clip
15:50:15 DEBUG    pipeline — Dropped 14 non-polygon/sliver results after clip
15:50:15 DEBUG    pipeline — Dropped 10 non-polygon/sliver results after clip
15:50:15 INFO     pipeline —   Clipped 52 land cover rows from 10 parcels
15:50:15 INFO     pipeline — Aggregated land cover areas onto 10 parcels
15:50:15 INFO     pipeline — Starting bauzonen analysis (ch.are.bauzonen)
15:50:15 INFO     swisstopo —   Fetching ch.are.bauzonen for BFSNr 67 (polygon, bbox: 2682931,1273299,2682958,1273326)
15:50:15 DEBUG    swisstopo —   API request: offset=0, url=https://api3.geo.admin.ch/rest/services/ech/MapServer/identify?geometry=%7B%22rings%22%3A+%5B%5B%5B2682943.522%2C+1273299.208%5D%2C+%5B2682939.851%2C+1273299.919%5D%2C+%5B2682931.427%2C+1273316.383%5D%2C+%5B2682950.412%2C+1273326.077%5D%2C+%5B2682957.543%2C+1273312.112%5D%2C+%5B2682943.522%2C+1273299.208%5D%5D%5D%7D&geometryType=esriGeometryPolygon&layers=all%3Ach.are.bauzonen&tolerance=0&mapExtent=2682931.427%2C1273299.208%2C2682957.543%2C1273326.077&imageDisplay=100%2C100%2C96&sr=2056&returnGeometry=true&geometryFormat=geojson&limit=200&offset=0&lang=de
15:50:15 INFO     swisstopo —   Fetched 1 ch.are.bauzonen features from API
15:50:16 INFO     swisstopo —   Fetching ch.are.bauzonen for BFSNr 191 (polygon, bbox: 2689959,1249350,2690137,1249522)
15:50:16 DEBUG    swisstopo —   API request: offset=0, url=https://api3.geo.admin.ch/rest/services/ech/MapServer/identify?geometry=%7B%22rings%22%3A+%5B%5B%5B2689972.955%2C+1249349.609%5D%2C+%5B2689958.607%2C+1249364.715%5D%2C+%5B2690129.424%2C+1249521.912%5D%2C+%5B2690136.942%2C+1249517.017%5D%2C+%5B2690118.649%2C+1249488.732%5D%2C+%5B2690116.142%2C+1249484.889%5D%2C+%5B2690113.578%2C+1249481.084%5D%2C+%5B2690110.956%2C+1249477.318%5D%2C+%5B2690108.279%2C+1249473.592%5D%2C+%5B2690105.545%2C+1249469.907%5D%2C+%5B2690103.044%2C+1249466.632%5D%2C+%5B2690100.499%2C+1249463.39%5D%2C+%5B2690097.91%2C+1249460.184%5D%2C+%5B2690095.278%2C+1249457.013%5D%2C+%5B2690092.604%2C+1249453.877%5D%2C+%5B2690089.887%2C+1249450.778%5D%2C+%5B2690086.771%2C+1249447.325%5D%2C+%5B2690083.602%2C+1249443.92%5D%2C+%5B2690080.383%2C+1249440.564%5D%2C+%5B2690077.112%2C+1249437.256%5D%2C+%5B2690073.792%2C+1249433.999%5D%2C+%5B2690070.304%2C+1249430.682%5D%2C+%5B2690066.764%2C+1249427.42%5D%2C+%5B2690063.173%2C+1249424.214%5D%2C+%5B2690059.533%2C+1249421.065%5D%2C+%5B2690055.843%2C+1249417.974%5D%2C+%5B2689972.955%2C+1249349.609%5D%5D%5D%7D&geometryType=esriGeometryPolygon&layers=all%3Ach.are.bauzonen&tolerance=0&mapExtent=2689958.607%2C1249349.609%2C2690136.942%2C1249521.912&imageDisplay=100%2C100%2C96&sr=2056&returnGeometry=true&geometryFormat=geojson&limit=200&offset=0&lang=de
15:50:16 INFO     swisstopo —   Fetched 1 ch.are.bauzonen features from API
15:50:16 INFO     swisstopo —   Fetching ch.are.bauzonen for BFSNr 354 (polygon, bbox: 2598391,1205380,2598419,1205418)
15:50:16 DEBUG    swisstopo —   API request: offset=0, url=https://api3.geo.admin.ch/rest/services/ech/MapServer/identify?geometry=%7B%22rings%22%3A+%5B%5B%5B2598396.233%2C+1205380.013%5D%2C+%5B2598395.84%2C+1205382.136%5D%2C+%5B2598390.938%2C+1205408.709%5D%2C+%5B2598412.145%2C+1205417.514%5D%2C+%5B2598419.453%2C+1205389.273%5D%2C+%5B2598417.134%2C+1205387.963%5D%2C+%5B2598401.553%2C+1205381.957%5D%2C+%5B2598396.233%2C+1205380.013%5D%5D%5D%7D&geometryType=esriGeometryPolygon&layers=all%3Ach.are.bauzonen&tolerance=0&mapExtent=2598390.938%2C1205380.013%2C2598419.453%2C1205417.514&imageDisplay=100%2C100%2C96&sr=2056&returnGeometry=true&geometryFormat=geojson&limit=200&offset=0&lang=de
15:50:16 INFO     swisstopo —   Fetched 2 ch.are.bauzonen features from API
15:50:16 INFO     swisstopo —   Fetching ch.are.bauzonen for BFSNr 2939 (polygon, bbox: 2685256,1287696,2685292,1287734)
15:50:16 DEBUG    swisstopo —   API request: offset=0, url=https://api3.geo.admin.ch/rest/services/ech/MapServer/identify?geometry=%7B%22rings%22%3A+%5B%5B%5B2685289.735%2C+1287696.116%5D%2C+%5B2685256.143%2C+1287704.544%5D%2C+%5B2685260.335%2C+1287734.256%5D%2C+%5B2685279.383%2C+1287730.833%5D%2C+%5B2685292.11%2C+1287726.875%5D%2C+%5B2685289.735%2C+1287696.116%5D%5D%5D%7D&geometryType=esriGeometryPolygon&layers=all%3Ach.are.bauzonen&tolerance=0&mapExtent=2685256.143%2C1287696.116%2C2685292.11%2C1287734.256&imageDisplay=100%2C100%2C96&sr=2056&returnGeometry=true&geometryFormat=geojson&limit=200&offset=0&lang=de
15:50:16 INFO     swisstopo —   Fetched 2 ch.are.bauzonen features from API
15:50:17 INFO     swisstopo —   Fetching ch.are.bauzonen for BFSNr 3237 (polygon, bbox: 2757862,1260951,2757906,1260979)
15:50:17 DEBUG    swisstopo —   API request: offset=0, url=https://api3.geo.admin.ch/rest/services/ech/MapServer/identify?geometry=%7B%22rings%22%3A+%5B%5B%5B2757864.133%2C+1260950.867%5D%2C+%5B2757862.23%2C+1260965.604%5D%2C+%5B2757888.477%2C+1260974.835%5D%2C+%5B2757903.596%2C+1260979.396%5D%2C+%5B2757905.613%2C+1260970.713%5D%2C+%5B2757893.113%2C+1260951.343%5D%2C+%5B2757864.133%2C+1260950.867%5D%5D%5D%7D&geometryType=esriGeometryPolygon&layers=all%3Ach.are.bauzonen&tolerance=0&mapExtent=2757862.23%2C1260950.867%2C2757905.613%2C1260979.396&imageDisplay=100%2C100%2C96&sr=2056&returnGeometry=true&geometryFormat=geojson&limit=200&offset=0&lang=de
15:50:17 INFO     swisstopo —   Fetched 3 ch.are.bauzonen features from API
15:50:17 INFO     swisstopo —   Fetching ch.are.bauzonen for BFSNr 4259 (polygon, bbox: 2639546,1262946,2639583,1262978)
15:50:17 DEBUG    swisstopo —   API request: offset=0, url=https://api3.geo.admin.ch/rest/services/ech/MapServer/identify?geometry=%7B%22rings%22%3A+%5B%5B%5B2639563.764%2C+1262946.497%5D%2C+%5B2639552.657%2C+1262954.383%5D%2C+%5B2639549.516%2C+1262956.614%5D%2C+%5B2639546.412%2C+1262958.895%5D%2C+%5B2639567.679%2C+1262977.916%5D%2C+%5B2639582.672%2C+1262965.077%5D%2C+%5B2639563.764%2C+1262946.497%5D%5D%5D%7D&geometryType=esriGeometryPolygon&layers=all%3Ach.are.bauzonen&tolerance=0&mapExtent=2639546.412%2C1262946.497%2C2639582.672%2C1262977.916&imageDisplay=100%2C100%2C96&sr=2056&returnGeometry=true&geometryFormat=geojson&limit=200&offset=0&lang=de
15:50:17 INFO     swisstopo —   Fetched 1 ch.are.bauzonen features from API
15:50:17 INFO     swisstopo —   Fetching ch.are.bauzonen for BFSNr 4436 (polygon, bbox: 2742718,1268748,2742749,1268774)
15:50:17 DEBUG    swisstopo —   API request: offset=0, url=https://api3.geo.admin.ch/rest/services/ech/MapServer/identify?geometry=%7B%22rings%22%3A+%5B%5B%5B2742746.933%2C+1268747.688%5D%2C+%5B2742733.458%2C+1268755.48%5D%2C+%5B2742717.761%2C+1268768.127%5D%2C+%5B2742744.653%2C+1268774.107%5D%2C+%5B2742748.715%2C+1268767.401%5D%2C+%5B2742748.496%2C+1268753.709%5D%2C+%5B2742746.933%2C+1268747.688%5D%5D%5D%7D&geometryType=esriGeometryPolygon&layers=all%3Ach.are.bauzonen&tolerance=0&mapExtent=2742717.761%2C1268747.688%2C2742748.715%2C1268774.107&imageDisplay=100%2C100%2C96&sr=2056&returnGeometry=true&geometryFormat=geojson&limit=200&offset=0&lang=de
15:50:17 INFO     swisstopo —   Fetched 1 ch.are.bauzonen features from API
15:50:18 INFO     swisstopo —   Fetching ch.are.bauzonen for BFSNr 5236 (polygon, bbox: 2714013,1092812,2714032,1092829)
15:50:18 DEBUG    swisstopo —   API request: offset=0, url=https://api3.geo.admin.ch/rest/services/ech/MapServer/identify?geometry=%7B%22rings%22%3A+%5B%5B%5B2714013.831%2C+1092812.066%5D%2C+%5B2714013.342%2C+1092813.917%5D%2C+%5B2714016.018%2C+1092818.414%5D%2C+%5B2714018.824%2C+1092823.129%5D%2C+%5B2714022.886%2C+1092829.044%5D%2C+%5B2714031.975%2C+1092823.962%5D%2C+%5B2714026.949%2C+1092814.786%5D%2C+%5B2714013.831%2C+1092812.066%5D%5D%5D%7D&geometryType=esriGeometryPolygon&layers=all%3Ach.are.bauzonen&tolerance=0&mapExtent=2714013.342%2C1092812.066%2C2714031.975%2C1092829.044&imageDisplay=100%2C100%2C96&sr=2056&returnGeometry=true&geometryFormat=geojson&limit=200&offset=0&lang=de
15:50:18 INFO     swisstopo —   Fetched 8 ch.are.bauzonen features from API
15:50:18 INFO     swisstopo —   Fetching ch.are.bauzonen for BFSNr 6034 (polygon, bbox: 2576663,1097819,2576670,1097830)
15:50:18 DEBUG    swisstopo —   API request: offset=0, url=https://api3.geo.admin.ch/rest/services/ech/MapServer/identify?geometry=%7B%22rings%22%3A+%5B%5B%5B2576664.048%2C+1097819.308%5D%2C+%5B2576662.587%2C+1097820.322%5D%2C+%5B2576663.909%2C+1097829.67%5D%2C+%5B2576670.087%2C+1097830.385%5D%2C+%5B2576667.083%2C+1097824.625%5D%2C+%5B2576664.048%2C+1097819.308%5D%5D%5D%7D&geometryType=esriGeometryPolygon&layers=all%3Ach.are.bauzonen&tolerance=0&mapExtent=2576662.587%2C1097819.308%2C2576670.087%2C1097830.385&imageDisplay=100%2C100%2C96&sr=2056&returnGeometry=true&geometryFormat=geojson&limit=200&offset=0&lang=de
15:50:18 INFO     swisstopo —   Fetched 1 ch.are.bauzonen features from API
15:50:18 INFO     swisstopo —   Fetching ch.are.bauzonen for BFSNr 6633 (polygon, bbox: 2497975,1114435,2498022,1114475)
15:50:18 DEBUG    swisstopo —   API request: offset=0, url=https://api3.geo.admin.ch/rest/services/ech/MapServer/identify?geometry=%7B%22rings%22%3A+%5B%5B%5B2498007.679%2C+1114435.151%5D%2C+%5B2497975.323%2C+1114475.154%5D%2C+%5B2497999.474%2C+1114473.484%5D%2C+%5B2498021.71%2C+1114446.437%5D%2C+%5B2498007.679%2C+1114435.151%5D%5D%5D%7D&geometryType=esriGeometryPolygon&layers=all%3Ach.are.bauzonen&tolerance=0&mapExtent=2497975.323%2C1114435.151%2C2498021.71%2C1114475.154&imageDisplay=100%2C100%2C96&sr=2056&returnGeometry=true&geometryFormat=geojson&limit=200&offset=0&lang=de
15:50:18 INFO     swisstopo —   Fetched 1 ch.are.bauzonen features from API
15:50:19 INFO     pipeline — Total bauzonen features for intersection: 21
15:50:19 INFO     pipeline — Intersecting 10 parcels with bauzonen
15:50:19 INFO     pipeline — Intersecting 19 green space polygons with bauzonen
15:50:19 INFO     pipeline — bauzonen analysis complete — columns added: bauzonen, bauzonen_m2
15:50:19 INFO     pipeline — Starting habitat analysis (ch.bafu.lebensraumkarte-schweiz)
15:50:19 INFO     swisstopo —   Fetching ch.bafu.lebensraumkarte-schweiz for BFSNr 67 (polygon, bbox: 2682931,1273299,2682958,1273326)
15:50:19 DEBUG    swisstopo —   API request: offset=0, url=https://api3.geo.admin.ch/rest/services/ech/MapServer/identify?geometry=%7B%22rings%22%3A+%5B%5B%5B2682943.522%2C+1273299.208%5D%2C+%5B2682939.851%2C+1273299.919%5D%2C+%5B2682931.427%2C+1273316.383%5D%2C+%5B2682950.412%2C+1273326.077%5D%2C+%5B2682957.543%2C+1273312.112%5D%2C+%5B2682943.522%2C+1273299.208%5D%5D%5D%7D&geometryType=esriGeometryPolygon&layers=all%3Ach.bafu.lebensraumkarte-schweiz&tolerance=0&mapExtent=2682931.427%2C1273299.208%2C2682957.543%2C1273326.077&imageDisplay=100%2C100%2C96&sr=2056&returnGeometry=true&geometryFormat=geojson&limit=200&offset=0&lang=de
15:50:19 INFO     swisstopo —   Fetched 5 ch.bafu.lebensraumkarte-schweiz features from API
15:50:19 INFO     swisstopo —   Fetching ch.bafu.lebensraumkarte-schweiz for BFSNr 191 (polygon, bbox: 2689959,1249350,2690137,1249522)
15:50:19 DEBUG    swisstopo —   API request: offset=0, url=https://api3.geo.admin.ch/rest/services/ech/MapServer/identify?geometry=%7B%22rings%22%3A+%5B%5B%5B2689972.955%2C+1249349.609%5D%2C+%5B2689958.607%2C+1249364.715%5D%2C+%5B2690129.424%2C+1249521.912%5D%2C+%5B2690136.942%2C+1249517.017%5D%2C+%5B2690118.649%2C+1249488.732%5D%2C+%5B2690116.142%2C+1249484.889%5D%2C+%5B2690113.578%2C+1249481.084%5D%2C+%5B2690110.956%2C+1249477.318%5D%2C+%5B2690108.279%2C+1249473.592%5D%2C+%5B2690105.545%2C+1249469.907%5D%2C+%5B2690103.044%2C+1249466.632%5D%2C+%5B2690100.499%2C+1249463.39%5D%2C+%5B2690097.91%2C+1249460.184%5D%2C+%5B2690095.278%2C+1249457.013%5D%2C+%5B2690092.604%2C+1249453.877%5D%2C+%5B2690089.887%2C+1249450.778%5D%2C+%5B2690086.771%2C+1249447.325%5D%2C+%5B2690083.602%2C+1249443.92%5D%2C+%5B2690080.383%2C+1249440.564%5D%2C+%5B2690077.112%2C+1249437.256%5D%2C+%5B2690073.792%2C+1249433.999%5D%2C+%5B2690070.304%2C+1249430.682%5D%2C+%5B2690066.764%2C+1249427.42%5D%2C+%5B2690063.173%2C+1249424.214%5D%2C+%5B2690059.533%2C+1249421.065%5D%2C+%5B2690055.843%2C+1249417.974%5D%2C+%5B2689972.955%2C+1249349.609%5D%5D%5D%7D&geometryType=esriGeometryPolygon&layers=all%3Ach.bafu.lebensraumkarte-schweiz&tolerance=0&mapExtent=2689958.607%2C1249349.609%2C2690136.942%2C1249521.912&imageDisplay=100%2C100%2C96&sr=2056&returnGeometry=true&geometryFormat=geojson&limit=200&offset=0&lang=de
15:50:22 INFO     swisstopo —   Fetched 24 ch.bafu.lebensraumkarte-schweiz features from API
15:50:22 INFO     swisstopo —   Fetching ch.bafu.lebensraumkarte-schweiz for BFSNr 354 (polygon, bbox: 2598391,1205380,2598419,1205418)
15:50:22 DEBUG    swisstopo —   API request: offset=0, url=https://api3.geo.admin.ch/rest/services/ech/MapServer/identify?geometry=%7B%22rings%22%3A+%5B%5B%5B2598396.233%2C+1205380.013%5D%2C+%5B2598395.84%2C+1205382.136%5D%2C+%5B2598390.938%2C+1205408.709%5D%2C+%5B2598412.145%2C+1205417.514%5D%2C+%5B2598419.453%2C+1205389.273%5D%2C+%5B2598417.134%2C+1205387.963%5D%2C+%5B2598401.553%2C+1205381.957%5D%2C+%5B2598396.233%2C+1205380.013%5D%5D%5D%7D&geometryType=esriGeometryPolygon&layers=all%3Ach.bafu.lebensraumkarte-schweiz&tolerance=0&mapExtent=2598390.938%2C1205380.013%2C2598419.453%2C1205417.514&imageDisplay=100%2C100%2C96&sr=2056&returnGeometry=true&geometryFormat=geojson&limit=200&offset=0&lang=de
15:50:23 INFO     swisstopo —   Fetched 2 ch.bafu.lebensraumkarte-schweiz features from API
15:50:23 INFO     swisstopo —   Fetching ch.bafu.lebensraumkarte-schweiz for BFSNr 2939 (polygon, bbox: 2685256,1287696,2685292,1287734)
15:50:23 DEBUG    swisstopo —   API request: offset=0, url=https://api3.geo.admin.ch/rest/services/ech/MapServer/identify?geometry=%7B%22rings%22%3A+%5B%5B%5B2685289.735%2C+1287696.116%5D%2C+%5B2685256.143%2C+1287704.544%5D%2C+%5B2685260.335%2C+1287734.256%5D%2C+%5B2685279.383%2C+1287730.833%5D%2C+%5B2685292.11%2C+1287726.875%5D%2C+%5B2685289.735%2C+1287696.116%5D%5D%5D%7D&geometryType=esriGeometryPolygon&layers=all%3Ach.bafu.lebensraumkarte-schweiz&tolerance=0&mapExtent=2685256.143%2C1287696.116%2C2685292.11%2C1287734.256&imageDisplay=100%2C100%2C96&sr=2056&returnGeometry=true&geometryFormat=geojson&limit=200&offset=0&lang=de
15:50:23 INFO     swisstopo —   Fetched 5 ch.bafu.lebensraumkarte-schweiz features from API
15:50:23 INFO     swisstopo —   Fetching ch.bafu.lebensraumkarte-schweiz for BFSNr 3237 (polygon, bbox: 2757862,1260951,2757906,1260979)
15:50:23 DEBUG    swisstopo —   API request: offset=0, url=https://api3.geo.admin.ch/rest/services/ech/MapServer/identify?geometry=%7B%22rings%22%3A+%5B%5B%5B2757864.133%2C+1260950.867%5D%2C+%5B2757862.23%2C+1260965.604%5D%2C+%5B2757888.477%2C+1260974.835%5D%2C+%5B2757903.596%2C+1260979.396%5D%2C+%5B2757905.613%2C+1260970.713%5D%2C+%5B2757893.113%2C+1260951.343%5D%2C+%5B2757864.133%2C+1260950.867%5D%5D%5D%7D&geometryType=esriGeometryPolygon&layers=all%3Ach.bafu.lebensraumkarte-schweiz&tolerance=0&mapExtent=2757862.23%2C1260950.867%2C2757905.613%2C1260979.396&imageDisplay=100%2C100%2C96&sr=2056&returnGeometry=true&geometryFormat=geojson&limit=200&offset=0&lang=de
15:50:24 INFO     swisstopo —   Fetched 4 ch.bafu.lebensraumkarte-schweiz features from API
15:50:24 INFO     swisstopo —   Fetching ch.bafu.lebensraumkarte-schweiz for BFSNr 4259 (polygon, bbox: 2639546,1262946,2639583,1262978)
15:50:24 DEBUG    swisstopo —   API request: offset=0, url=https://api3.geo.admin.ch/rest/services/ech/MapServer/identify?geometry=%7B%22rings%22%3A+%5B%5B%5B2639563.764%2C+1262946.497%5D%2C+%5B2639552.657%2C+1262954.383%5D%2C+%5B2639549.516%2C+1262956.614%5D%2C+%5B2639546.412%2C+1262958.895%5D%2C+%5B2639567.679%2C+1262977.916%5D%2C+%5B2639582.672%2C+1262965.077%5D%2C+%5B2639563.764%2C+1262946.497%5D%5D%5D%7D&geometryType=esriGeometryPolygon&layers=all%3Ach.bafu.lebensraumkarte-schweiz&tolerance=0&mapExtent=2639546.412%2C1262946.497%2C2639582.672%2C1262977.916&imageDisplay=100%2C100%2C96&sr=2056&returnGeometry=true&geometryFormat=geojson&limit=200&offset=0&lang=de
15:50:25 INFO     swisstopo —   Fetched 4 ch.bafu.lebensraumkarte-schweiz features from API
15:50:25 INFO     swisstopo —   Fetching ch.bafu.lebensraumkarte-schweiz for BFSNr 4436 (polygon, bbox: 2742718,1268748,2742749,1268774)
15:50:25 DEBUG    swisstopo —   API request: offset=0, url=https://api3.geo.admin.ch/rest/services/ech/MapServer/identify?geometry=%7B%22rings%22%3A+%5B%5B%5B2742746.933%2C+1268747.688%5D%2C+%5B2742733.458%2C+1268755.48%5D%2C+%5B2742717.761%2C+1268768.127%5D%2C+%5B2742744.653%2C+1268774.107%5D%2C+%5B2742748.715%2C+1268767.401%5D%2C+%5B2742748.496%2C+1268753.709%5D%2C+%5B2742746.933%2C+1268747.688%5D%5D%5D%7D&geometryType=esriGeometryPolygon&layers=all%3Ach.bafu.lebensraumkarte-schweiz&tolerance=0&mapExtent=2742717.761%2C1268747.688%2C2742748.715%2C1268774.107&imageDisplay=100%2C100%2C96&sr=2056&returnGeometry=true&geometryFormat=geojson&limit=200&offset=0&lang=de
15:50:25 INFO     swisstopo —   Fetched 2 ch.bafu.lebensraumkarte-schweiz features from API
15:50:25 INFO     swisstopo —   Fetching ch.bafu.lebensraumkarte-schweiz for BFSNr 5236 (polygon, bbox: 2714013,1092812,2714032,1092829)
15:50:25 DEBUG    swisstopo —   API request: offset=0, url=https://api3.geo.admin.ch/rest/services/ech/MapServer/identify?geometry=%7B%22rings%22%3A+%5B%5B%5B2714013.831%2C+1092812.066%5D%2C+%5B2714013.342%2C+1092813.917%5D%2C+%5B2714016.018%2C+1092818.414%5D%2C+%5B2714018.824%2C+1092823.129%5D%2C+%5B2714022.886%2C+1092829.044%5D%2C+%5B2714031.975%2C+1092823.962%5D%2C+%5B2714026.949%2C+1092814.786%5D%2C+%5B2714013.831%2C+1092812.066%5D%5D%5D%7D&geometryType=esriGeometryPolygon&layers=all%3Ach.bafu.lebensraumkarte-schweiz&tolerance=0&mapExtent=2714013.342%2C1092812.066%2C2714031.975%2C1092829.044&imageDisplay=100%2C100%2C96&sr=2056&returnGeometry=true&geometryFormat=geojson&limit=200&offset=0&lang=de
15:50:26 INFO     swisstopo —   Fetched 3 ch.bafu.lebensraumkarte-schweiz features from API
15:50:26 INFO     swisstopo —   Fetching ch.bafu.lebensraumkarte-schweiz for BFSNr 6034 (polygon, bbox: 2576663,1097819,2576670,1097830)
15:50:26 DEBUG    swisstopo —   API request: offset=0, url=https://api3.geo.admin.ch/rest/services/ech/MapServer/identify?geometry=%7B%22rings%22%3A+%5B%5B%5B2576664.048%2C+1097819.308%5D%2C+%5B2576662.587%2C+1097820.322%5D%2C+%5B2576663.909%2C+1097829.67%5D%2C+%5B2576670.087%2C+1097830.385%5D%2C+%5B2576667.083%2C+1097824.625%5D%2C+%5B2576664.048%2C+1097819.308%5D%5D%5D%7D&geometryType=esriGeometryPolygon&layers=all%3Ach.bafu.lebensraumkarte-schweiz&tolerance=0&mapExtent=2576662.587%2C1097819.308%2C2576670.087%2C1097830.385&imageDisplay=100%2C100%2C96&sr=2056&returnGeometry=true&geometryFormat=geojson&limit=200&offset=0&lang=de
15:50:27 INFO     swisstopo —   Fetched 2 ch.bafu.lebensraumkarte-schweiz features from API
15:50:28 INFO     swisstopo —   Fetching ch.bafu.lebensraumkarte-schweiz for BFSNr 6633 (polygon, bbox: 2497975,1114435,2498022,1114475)
15:50:28 DEBUG    swisstopo —   API request: offset=0, url=https://api3.geo.admin.ch/rest/services/ech/MapServer/identify?geometry=%7B%22rings%22%3A+%5B%5B%5B2498007.679%2C+1114435.151%5D%2C+%5B2497975.323%2C+1114475.154%5D%2C+%5B2497999.474%2C+1114473.484%5D%2C+%5B2498021.71%2C+1114446.437%5D%2C+%5B2498007.679%2C+1114435.151%5D%5D%5D%7D&geometryType=esriGeometryPolygon&layers=all%3Ach.bafu.lebensraumkarte-schweiz&tolerance=0&mapExtent=2497975.323%2C1114435.151%2C2498021.71%2C1114475.154&imageDisplay=100%2C100%2C96&sr=2056&returnGeometry=true&geometryFormat=geojson&limit=200&offset=0&lang=de
15:50:28 INFO     swisstopo —   Fetched 6 ch.bafu.lebensraumkarte-schweiz features from API
15:50:28 INFO     pipeline — Total habitat features for intersection: 57
15:50:28 INFO     pipeline — Intersecting 10 parcels with habitat
15:50:29 INFO     pipeline — Intersecting 19 green space polygons with habitat
15:50:29 INFO     pipeline — habitat analysis complete — columns added: habitat, habitat_m2
15:50:29 INFO     pipeline — Exporting final results
15:50:29 INFO     data_io — Wrote 10 rows to example_parcels_20260323_155011.csv
15:50:29 INFO     data_io — Wrote 52 rows to example_landcover_20260323_155011.csv
15:50:29 INFO     pipeline — Done in 0m18s — 10 parcels, 52 land cover rows → C:\Users\DavidRasner\Documents\GitHub\landcover-survey\data
